GowinSynthesis start
Running parser ...
Analyzing Verilog file 'F:\schoolwork\chipdesign\IDE\Gowin\Gowin_V1.9.9Beta-4_Education\IDE\ipcore\Integer_Division\data\integer_division_wrap.v'
Analyzing included file 'define.vh'("F:\schoolwork\chipdesign\IDE\Gowin\Gowin_V1.9.9Beta-4_Education\IDE\ipcore\Integer_Division\data\integer_division_wrap.v":1)
Back to file 'F:\schoolwork\chipdesign\IDE\Gowin\Gowin_V1.9.9Beta-4_Education\IDE\ipcore\Integer_Division\data\integer_division_wrap.v'("F:\schoolwork\chipdesign\IDE\Gowin\Gowin_V1.9.9Beta-4_Education\IDE\ipcore\Integer_Division\data\integer_division_wrap.v":1)
Analyzing included file 'F:\schoolwork\chipdesign\IDE\Gowin\Gowin_V1.9.9Beta-4_Education\IDE\ipcore\Integer_Division\data\static_macro_define.v'("F:\schoolwork\chipdesign\IDE\Gowin\Gowin_V1.9.9Beta-4_Education\IDE\ipcore\Integer_Division\data\integer_division_wrap.v":2)
Back to file 'F:\schoolwork\chipdesign\IDE\Gowin\Gowin_V1.9.9Beta-4_Education\IDE\ipcore\Integer_Division\data\integer_division_wrap.v'("F:\schoolwork\chipdesign\IDE\Gowin\Gowin_V1.9.9Beta-4_Education\IDE\ipcore\Integer_Division\data\integer_division_wrap.v":2)
Analyzing included file 'parameter.vh'("F:\schoolwork\chipdesign\IDE\Gowin\Gowin_V1.9.9Beta-4_Education\IDE\ipcore\Integer_Division\data\integer_division_wrap.v":19)
Back to file 'F:\schoolwork\chipdesign\IDE\Gowin\Gowin_V1.9.9Beta-4_Education\IDE\ipcore\Integer_Division\data\integer_division_wrap.v'("F:\schoolwork\chipdesign\IDE\Gowin\Gowin_V1.9.9Beta-4_Education\IDE\ipcore\Integer_Division\data\integer_division_wrap.v":19)
Analyzing Verilog file 'F:\schoolwork\chipdesign\IDE\Gowin\Gowin_V1.9.9Beta-4_Education\IDE\ipcore\Integer_Division\data\integer_division.v'
Analyzing included file 'define.vh'("F:\schoolwork\chipdesign\IDE\Gowin\Gowin_V1.9.9Beta-4_Education\IDE\ipcore\Integer_Division\data\integer_division.v":520)
Back to file 'F:\schoolwork\chipdesign\IDE\Gowin\Gowin_V1.9.9Beta-4_Education\IDE\ipcore\Integer_Division\data\integer_division.v'("F:\schoolwork\chipdesign\IDE\Gowin\Gowin_V1.9.9Beta-4_Education\IDE\ipcore\Integer_Division\data\integer_division.v":520)
Compiling module 'Integer_Division_Top'("F:\schoolwork\chipdesign\IDE\Gowin\Gowin_V1.9.9Beta-4_Education\IDE\ipcore\Integer_Division\data\integer_division_wrap.v":3)
Compiling module '**'("F:\schoolwork\chipdesign\IDE\Gowin\Gowin_V1.9.9Beta-4_Education\IDE\ipcore\Integer_Division\data\integer_division.v":0)
Compiling module '**'("F:\schoolwork\chipdesign\IDE\Gowin\Gowin_V1.9.9Beta-4_Education\IDE\ipcore\Integer_Division\data\integer_division.v":0)
Compiling module '**'("F:\schoolwork\chipdesign\IDE\Gowin\Gowin_V1.9.9Beta-4_Education\IDE\ipcore\Integer_Division\data\integer_division.v":0)
NOTE  (EX0101) : Current top module is "Integer_Division_Top"
[5%] Running netlist conversion ...
Running device independent optimization ...
[10%] Optimizing Phase 0 completed
[15%] Optimizing Phase 1 completed
[25%] Optimizing Phase 2 completed
Running inference ...
[30%] Inferring Phase 0 completed
[40%] Inferring Phase 1 completed
[50%] Inferring Phase 2 completed
[55%] Inferring Phase 3 completed
Running technical mapping ...
[60%] Tech-Mapping Phase 0 completed
[65%] Tech-Mapping Phase 1 completed
[75%] Tech-Mapping Phase 2 completed
[80%] Tech-Mapping Phase 3 completed
[90%] Tech-Mapping Phase 4 completed
[95%] Generate netlist file "F:\schoolwork\chipdesign\codes\own\fpga_gowin_flow_estimation-main\fpga_gowin_flow_estimation-main\src\integer_division\temp\integer_division\integer_division.vg" completed
Generate template file "F:\schoolwork\chipdesign\codes\own\fpga_gowin_flow_estimation-main\fpga_gowin_flow_estimation-main\src\integer_division\temp\integer_division\integer_division_tmp.v" completed
[100%] Generate report file "F:\schoolwork\chipdesign\codes\own\fpga_gowin_flow_estimation-main\fpga_gowin_flow_estimation-main\src\integer_division\temp\integer_division\integer_division_syn.rpt.html" completed
GowinSynthesis finish
