GowinSynthesis start
Running parser ...
Analyzing Verilog file 'Y:\Workspace\SmartChipSystem\e203\fpga_gowin_flow_estimation\src\ddr3_memory_interface\DDR3MI.v'
Analyzing Verilog file 'Y:\Workspace\SmartChipSystem\e203\fpga_gowin_flow_estimation\src\dvi_tx\DVI_TX_Top.v'
Analyzing Verilog file 'Y:\Workspace\SmartChipSystem\e203\fpga_gowin_flow_estimation\src\fifo_hs\video_fifo.v'
Analyzing Verilog file 'Y:\Workspace\SmartChipSystem\e203\fpga_gowin_flow_estimation\src\fifo_top\resize_fifo.v'
Analyzing Verilog file 'Y:\Workspace\SmartChipSystem\e203\fpga_gowin_flow_estimation\src\gowin_rpll\TMDS_rPLL.v'
Analyzing Verilog file 'Y:\Workspace\SmartChipSystem\e203\fpga_gowin_flow_estimation\src\gowin_rpll\cmos_pll.v'
Analyzing Verilog file 'Y:\Workspace\SmartChipSystem\e203\fpga_gowin_flow_estimation\src\gowin_rpll\mem_pll.v'
Analyzing Verilog file 'Y:\Workspace\SmartChipSystem\e203\fpga_gowin_flow_estimation\src\gowin_rpll\sys_pll.v'
Analyzing Verilog file 'Y:\Workspace\SmartChipSystem\e203\fpga_gowin_flow_estimation\src\helai_color_move\rgb_display.v'
Analyzing Verilog file 'Y:\Workspace\SmartChipSystem\e203\fpga_gowin_flow_estimation\src\helai_color_move\video_block_move.v'
Analyzing Verilog file 'Y:\Workspace\SmartChipSystem\e203\fpga_gowin_flow_estimation\src\helai_color_move\video_timing_color.v'
Analyzing Verilog file 'Y:\Workspace\SmartChipSystem\e203\fpga_gowin_flow_estimation\src\helai_video_scale\helai_video_scale.v'
WARN  (EX3801) : Parameter 'RS_START' becomes localparam in 'helai_video_scale' with formal parameter declaration list("Y:\Workspace\SmartChipSystem\e203\fpga_gowin_flow_estimation\src\helai_video_scale\helai_video_scale.v":81)
WARN  (EX3801) : Parameter 'RS_READ_LINE' becomes localparam in 'helai_video_scale' with formal parameter declaration list("Y:\Workspace\SmartChipSystem\e203\fpga_gowin_flow_estimation\src\helai_video_scale\helai_video_scale.v":82)
WARN  (EX3801) : Parameter 'WS_START' becomes localparam in 'helai_video_scale' with formal parameter declaration list("Y:\Workspace\SmartChipSystem\e203\fpga_gowin_flow_estimation\src\helai_video_scale\helai_video_scale.v":327)
WARN  (EX3801) : Parameter 'WS_DISCARD' becomes localparam in 'helai_video_scale' with formal parameter declaration list("Y:\Workspace\SmartChipSystem\e203\fpga_gowin_flow_estimation\src\helai_video_scale\helai_video_scale.v":328)
WARN  (EX3801) : Parameter 'WS_READ' becomes localparam in 'helai_video_scale' with formal parameter declaration list("Y:\Workspace\SmartChipSystem\e203\fpga_gowin_flow_estimation\src\helai_video_scale\helai_video_scale.v":329)
WARN  (EX3801) : Parameter 'WS_DONE' becomes localparam in 'helai_video_scale' with formal parameter declaration list("Y:\Workspace\SmartChipSystem\e203\fpga_gowin_flow_estimation\src\helai_video_scale\helai_video_scale.v":330)
Analyzing Verilog file 'Y:\Workspace\SmartChipSystem\e203\fpga_gowin_flow_estimation\src\helai_video_scale\ramDualPort.v'
Analyzing Verilog file 'Y:\Workspace\SmartChipSystem\e203\fpga_gowin_flow_estimation\src\helai_video_scale\ramFifo.v'
Analyzing Verilog file 'Y:\Workspace\SmartChipSystem\e203\fpga_gowin_flow_estimation\src\ov5640_i2c_master\i2c_config.v'
Analyzing Verilog file 'Y:\Workspace\SmartChipSystem\e203\fpga_gowin_flow_estimation\src\ov5640_i2c_master\i2c_master_bit_ctrl.v'
Analyzing included file 'Y:\Workspace\SmartChipSystem\e203\fpga_gowin_flow_estimation\src\ov5640_i2c_master\i2c_master_defines.v'("Y:\Workspace\SmartChipSystem\e203\fpga_gowin_flow_estimation\src\ov5640_i2c_master\i2c_master_bit_ctrl.v":44)
Back to file 'Y:\Workspace\SmartChipSystem\e203\fpga_gowin_flow_estimation\src\ov5640_i2c_master\i2c_master_bit_ctrl.v'("Y:\Workspace\SmartChipSystem\e203\fpga_gowin_flow_estimation\src\ov5640_i2c_master\i2c_master_bit_ctrl.v":44)
Analyzing Verilog file 'Y:\Workspace\SmartChipSystem\e203\fpga_gowin_flow_estimation\src\ov5640_i2c_master\i2c_master_byte_ctrl.v'
Analyzing included file 'Y:\Workspace\SmartChipSystem\e203\fpga_gowin_flow_estimation\src\ov5640_i2c_master\i2c_master_defines.v'("Y:\Workspace\SmartChipSystem\e203\fpga_gowin_flow_estimation\src\ov5640_i2c_master\i2c_master_byte_ctrl.v":6)
Back to file 'Y:\Workspace\SmartChipSystem\e203\fpga_gowin_flow_estimation\src\ov5640_i2c_master\i2c_master_byte_ctrl.v'("Y:\Workspace\SmartChipSystem\e203\fpga_gowin_flow_estimation\src\ov5640_i2c_master\i2c_master_byte_ctrl.v":6)
Analyzing Verilog file 'Y:\Workspace\SmartChipSystem\e203\fpga_gowin_flow_estimation\src\ov5640_i2c_master\i2c_master_defines.v'
Analyzing Verilog file 'Y:\Workspace\SmartChipSystem\e203\fpga_gowin_flow_estimation\src\ov5640_i2c_master\i2c_master_top.v'
Analyzing Verilog file 'Y:\Workspace\SmartChipSystem\e203\fpga_gowin_flow_estimation\src\ov5640_i2c_master\ov5640_i2c.v'
Analyzing Verilog file 'Y:\Workspace\SmartChipSystem\e203\fpga_gowin_flow_estimation\src\ov5640_i2c_master\ov5640_reg_cfg.v'
Analyzing Verilog file 'Y:\Workspace\SmartChipSystem\e203\fpga_gowin_flow_estimation\src\ov5640_i2c_master\timescale.v'
Analyzing Verilog file 'Y:\Workspace\SmartChipSystem\e203\fpga_gowin_flow_estimation\src\ov5640_rx.v'
WARN  (EX3801) : Parameter 'FRAM_FREE_CNT' becomes localparam in 'ov5640_rx' with formal parameter declaration list("Y:\Workspace\SmartChipSystem\e203\fpga_gowin_flow_estimation\src\ov5640_rx.v":43)
Analyzing Verilog file 'Y:\Workspace\SmartChipSystem\e203\fpga_gowin_flow_estimation\src\rgb_gray.v'
Analyzing Verilog file 'Y:\Workspace\SmartChipSystem\e203\fpga_gowin_flow_estimation\src\top.v'
Undeclared symbol 'hdmi_hpd', assumed default net type 'wire'("Y:\Workspace\SmartChipSystem\e203\fpga_gowin_flow_estimation\src\top.v":102)
Undeclared symbol 'cmos_clk', assumed default net type 'wire'("Y:\Workspace\SmartChipSystem\e203\fpga_gowin_flow_estimation\src\top.v":180)
Analyzing Verilog file 'Y:\Workspace\SmartChipSystem\e203\fpga_gowin_flow_estimation\src\top_sp.v'
Analyzing Verilog file 'Y:\Workspace\SmartChipSystem\e203\fpga_gowin_flow_estimation\src\video_frame_buffer\video_frame_buffer.v'
Analyzing Verilog file 'Y:\Workspace\SmartChipSystem\e203\fpga_gowin_flow_estimation\src\video_timing_control.v'
WARN  (EX3073) : Port 'o_h_dis' remains unconnected for this instance("Y:\Workspace\SmartChipSystem\e203\fpga_gowin_flow_estimation\src\top.v":427)
Compiling module 'top'("Y:\Workspace\SmartChipSystem\e203\fpga_gowin_flow_estimation\src\top.v":4)
WARN  (EX3791) : Expression size 6 truncated to fit in target size 5("Y:\Workspace\SmartChipSystem\e203\fpga_gowin_flow_estimation\src\top.v":111)
Compiling module 'TMDS_rPLL'("Y:\Workspace\SmartChipSystem\e203\fpga_gowin_flow_estimation\src\gowin_rpll\TMDS_rPLL.v":9)
Compiling module 'cmos_pll'("Y:\Workspace\SmartChipSystem\e203\fpga_gowin_flow_estimation\src\gowin_rpll\cmos_pll.v":9)
Compiling module 'mem_pll'("Y:\Workspace\SmartChipSystem\e203\fpga_gowin_flow_estimation\src\gowin_rpll\mem_pll.v":9)
Compiling module 'video_block_move(H_DISP=640,V_DISP=480,VIDEO_CLK=74250000,SIDE_W=20,BLOCK_W=40)'("Y:\Workspace\SmartChipSystem\e203\fpga_gowin_flow_estimation\src\helai_color_move\video_block_move.v":1)
Compiling module 'video_timing_color(VIDEO_H=640,VIDEO_V=480)'("Y:\Workspace\SmartChipSystem\e203\fpga_gowin_flow_estimation\src\helai_color_move\video_timing_color.v":10)
WARN  (EX3791) : Expression size 14 truncated to fit in target size 13("Y:\Workspace\SmartChipSystem\e203\fpga_gowin_flow_estimation\src\helai_color_move\video_timing_color.v":157)
WARN  (EX3791) : Expression size 14 truncated to fit in target size 13("Y:\Workspace\SmartChipSystem\e203\fpga_gowin_flow_estimation\src\helai_color_move\video_timing_color.v":166)
WARN  (EX3791) : Expression size 2 truncated to fit in target size 1("Y:\Workspace\SmartChipSystem\e203\fpga_gowin_flow_estimation\src\helai_color_move\video_timing_color.v":173)
WARN  (EX3791) : Expression size 2 truncated to fit in target size 1("Y:\Workspace\SmartChipSystem\e203\fpga_gowin_flow_estimation\src\helai_color_move\video_timing_color.v":179)
Compiling module 'rgb_display(H_DISP=640,V_DISP=480,VIDEO_CLK=74250000,SIDE_W=20,BLOCK_W=40,SCREEN_SIDE_COLOR=24'b011110110111101101111011,SCREEN_BKG_COLOR=24'b111111111111111111111111,MOVE_BLOCK_COLOR=24'b111111111100000011001011)'("Y:\Workspace\SmartChipSystem\e203\fpga_gowin_flow_estimation\src\helai_color_move\rgb_display.v":1)
Compiling module 'ov5640_i2c(DISPAY_H=640,DISPAY_V=480)'("Y:\Workspace\SmartChipSystem\e203\fpga_gowin_flow_estimation\src\ov5640_i2c_master\ov5640_i2c.v":23)
Compiling module 'i2c_config'("Y:\Workspace\SmartChipSystem\e203\fpga_gowin_flow_estimation\src\ov5640_i2c_master\i2c_config.v":2)
Compiling module 'i2c_master_top'("Y:\Workspace\SmartChipSystem\e203\fpga_gowin_flow_estimation\src\ov5640_i2c_master\i2c_master_top.v":2)
Compiling module 'i2c_master_byte_ctrl'("Y:\Workspace\SmartChipSystem\e203\fpga_gowin_flow_estimation\src\ov5640_i2c_master\i2c_master_byte_ctrl.v":8)
Compiling module 'i2c_master_bit_ctrl'("Y:\Workspace\SmartChipSystem\e203\fpga_gowin_flow_estimation\src\ov5640_i2c_master\i2c_master_bit_ctrl.v":46)
WARN  (EX2629) : Delay control is not supported for synthesis("Y:\Workspace\SmartChipSystem\e203\fpga_gowin_flow_estimation\src\ov5640_i2c_master\i2c_master_bit_ctrl.v":97)
WARN  (EX2629) : Delay control is not supported for synthesis("Y:\Workspace\SmartChipSystem\e203\fpga_gowin_flow_estimation\src\ov5640_i2c_master\i2c_master_bit_ctrl.v":114)
WARN  (EX2629) : Delay control is not supported for synthesis("Y:\Workspace\SmartChipSystem\e203\fpga_gowin_flow_estimation\src\ov5640_i2c_master\i2c_master_bit_ctrl.v":115)
WARN  (EX2629) : Delay control is not supported for synthesis("Y:\Workspace\SmartChipSystem\e203\fpga_gowin_flow_estimation\src\ov5640_i2c_master\i2c_master_bit_ctrl.v":119)
WARN  (EX2629) : Delay control is not supported for synthesis("Y:\Workspace\SmartChipSystem\e203\fpga_gowin_flow_estimation\src\ov5640_i2c_master\i2c_master_bit_ctrl.v":120)
WARN  (EX2629) : Delay control is not supported for synthesis("Y:\Workspace\SmartChipSystem\e203\fpga_gowin_flow_estimation\src\ov5640_i2c_master\i2c_master_bit_ctrl.v":124)
WARN  (EX2629) : Delay control is not supported for synthesis("Y:\Workspace\SmartChipSystem\e203\fpga_gowin_flow_estimation\src\ov5640_i2c_master\i2c_master_bit_ctrl.v":125)
WARN  (EX2629) : Delay control is not supported for synthesis("Y:\Workspace\SmartChipSystem\e203\fpga_gowin_flow_estimation\src\ov5640_i2c_master\i2c_master_bit_ctrl.v":129)
WARN  (EX2629) : Delay control is not supported for synthesis("Y:\Workspace\SmartChipSystem\e203\fpga_gowin_flow_estimation\src\ov5640_i2c_master\i2c_master_bit_ctrl.v":130)
WARN  (EX2629) : Delay control is not supported for synthesis("Y:\Workspace\SmartChipSystem\e203\fpga_gowin_flow_estimation\src\ov5640_i2c_master\i2c_master_bit_ctrl.v":141)
WARN  (EX2629) : Delay control is not supported for synthesis("Y:\Workspace\SmartChipSystem\e203\fpga_gowin_flow_estimation\src\ov5640_i2c_master\i2c_master_bit_ctrl.v":142)
WARN  (EX2629) : Delay control is not supported for synthesis("Y:\Workspace\SmartChipSystem\e203\fpga_gowin_flow_estimation\src\ov5640_i2c_master\i2c_master_bit_ctrl.v":146)
WARN  (EX2629) : Delay control is not supported for synthesis("Y:\Workspace\SmartChipSystem\e203\fpga_gowin_flow_estimation\src\ov5640_i2c_master\i2c_master_bit_ctrl.v":147)
WARN  (EX3791) : Expression size 32 truncated to fit in target size 14("Y:\Workspace\SmartChipSystem\e203\fpga_gowin_flow_estimation\src\ov5640_i2c_master\i2c_master_bit_ctrl.v":161)
WARN  (EX2629) : Delay control is not supported for synthesis("Y:\Workspace\SmartChipSystem\e203\fpga_gowin_flow_estimation\src\ov5640_i2c_master\i2c_master_bit_ctrl.v":186)
WARN  (EX2629) : Delay control is not supported for synthesis("Y:\Workspace\SmartChipSystem\e203\fpga_gowin_flow_estimation\src\ov5640_i2c_master\i2c_master_bit_ctrl.v":187)
WARN  (EX2629) : Delay control is not supported for synthesis("Y:\Workspace\SmartChipSystem\e203\fpga_gowin_flow_estimation\src\ov5640_i2c_master\i2c_master_bit_ctrl.v":189)
WARN  (EX2629) : Delay control is not supported for synthesis("Y:\Workspace\SmartChipSystem\e203\fpga_gowin_flow_estimation\src\ov5640_i2c_master\i2c_master_bit_ctrl.v":190)
WARN  (EX2629) : Delay control is not supported for synthesis("Y:\Workspace\SmartChipSystem\e203\fpga_gowin_flow_estimation\src\ov5640_i2c_master\i2c_master_bit_ctrl.v":194)
WARN  (EX2629) : Delay control is not supported for synthesis("Y:\Workspace\SmartChipSystem\e203\fpga_gowin_flow_estimation\src\ov5640_i2c_master\i2c_master_bit_ctrl.v":195)
WARN  (EX2629) : Delay control is not supported for synthesis("Y:\Workspace\SmartChipSystem\e203\fpga_gowin_flow_estimation\src\ov5640_i2c_master\i2c_master_bit_ctrl.v":197)
WARN  (EX2629) : Delay control is not supported for synthesis("Y:\Workspace\SmartChipSystem\e203\fpga_gowin_flow_estimation\src\ov5640_i2c_master\i2c_master_bit_ctrl.v":198)
WARN  (EX2629) : Delay control is not supported for synthesis("Y:\Workspace\SmartChipSystem\e203\fpga_gowin_flow_estimation\src\ov5640_i2c_master\i2c_master_bit_ctrl.v":202)
WARN  (EX2629) : Delay control is not supported for synthesis("Y:\Workspace\SmartChipSystem\e203\fpga_gowin_flow_estimation\src\ov5640_i2c_master\i2c_master_bit_ctrl.v":203)
WARN  (EX2629) : Delay control is not supported for synthesis("Y:\Workspace\SmartChipSystem\e203\fpga_gowin_flow_estimation\src\ov5640_i2c_master\i2c_master_bit_ctrl.v":205)
WARN  (EX2629) : Delay control is not supported for synthesis("Y:\Workspace\SmartChipSystem\e203\fpga_gowin_flow_estimation\src\ov5640_i2c_master\i2c_master_bit_ctrl.v":206)
WARN  (EX2629) : Delay control is not supported for synthesis("Y:\Workspace\SmartChipSystem\e203\fpga_gowin_flow_estimation\src\ov5640_i2c_master\i2c_master_bit_ctrl.v":216)
WARN  (EX2629) : Delay control is not supported for synthesis("Y:\Workspace\SmartChipSystem\e203\fpga_gowin_flow_estimation\src\ov5640_i2c_master\i2c_master_bit_ctrl.v":217)
WARN  (EX2629) : Delay control is not supported for synthesis("Y:\Workspace\SmartChipSystem\e203\fpga_gowin_flow_estimation\src\ov5640_i2c_master\i2c_master_bit_ctrl.v":221)
WARN  (EX2629) : Delay control is not supported for synthesis("Y:\Workspace\SmartChipSystem\e203\fpga_gowin_flow_estimation\src\ov5640_i2c_master\i2c_master_bit_ctrl.v":222)
WARN  (EX2629) : Delay control is not supported for synthesis("Y:\Workspace\SmartChipSystem\e203\fpga_gowin_flow_estimation\src\ov5640_i2c_master\i2c_master_bit_ctrl.v":226)
WARN  (EX2629) : Delay control is not supported for synthesis("Y:\Workspace\SmartChipSystem\e203\fpga_gowin_flow_estimation\src\ov5640_i2c_master\i2c_master_bit_ctrl.v":227)
WARN  (EX2629) : Delay control is not supported for synthesis("Y:\Workspace\SmartChipSystem\e203\fpga_gowin_flow_estimation\src\ov5640_i2c_master\i2c_master_bit_ctrl.v":233)
WARN  (EX2629) : Delay control is not supported for synthesis("Y:\Workspace\SmartChipSystem\e203\fpga_gowin_flow_estimation\src\ov5640_i2c_master\i2c_master_bit_ctrl.v":234)
WARN  (EX2629) : Delay control is not supported for synthesis("Y:\Workspace\SmartChipSystem\e203\fpga_gowin_flow_estimation\src\ov5640_i2c_master\i2c_master_bit_ctrl.v":235)
WARN  (EX2629) : Delay control is not supported for synthesis("Y:\Workspace\SmartChipSystem\e203\fpga_gowin_flow_estimation\src\ov5640_i2c_master\i2c_master_bit_ctrl.v":245)
WARN  (EX2629) : Delay control is not supported for synthesis("Y:\Workspace\SmartChipSystem\e203\fpga_gowin_flow_estimation\src\ov5640_i2c_master\i2c_master_bit_ctrl.v":247)
WARN  (EX2629) : Delay control is not supported for synthesis("Y:\Workspace\SmartChipSystem\e203\fpga_gowin_flow_estimation\src\ov5640_i2c_master\i2c_master_bit_ctrl.v":249)
WARN  (EX2629) : Delay control is not supported for synthesis("Y:\Workspace\SmartChipSystem\e203\fpga_gowin_flow_estimation\src\ov5640_i2c_master\i2c_master_bit_ctrl.v":253)
WARN  (EX2629) : Delay control is not supported for synthesis("Y:\Workspace\SmartChipSystem\e203\fpga_gowin_flow_estimation\src\ov5640_i2c_master\i2c_master_bit_ctrl.v":255)
WARN  (EX2629) : Delay control is not supported for synthesis("Y:\Workspace\SmartChipSystem\e203\fpga_gowin_flow_estimation\src\ov5640_i2c_master\i2c_master_bit_ctrl.v":257)
WARN  (EX2629) : Delay control is not supported for synthesis("Y:\Workspace\SmartChipSystem\e203\fpga_gowin_flow_estimation\src\ov5640_i2c_master\i2c_master_bit_ctrl.v":262)
WARN  (EX2629) : Delay control is not supported for synthesis("Y:\Workspace\SmartChipSystem\e203\fpga_gowin_flow_estimation\src\ov5640_i2c_master\i2c_master_bit_ctrl.v":290)
WARN  (EX2629) : Delay control is not supported for synthesis("Y:\Workspace\SmartChipSystem\e203\fpga_gowin_flow_estimation\src\ov5640_i2c_master\i2c_master_bit_ctrl.v":291)
WARN  (EX2629) : Delay control is not supported for synthesis("Y:\Workspace\SmartChipSystem\e203\fpga_gowin_flow_estimation\src\ov5640_i2c_master\i2c_master_bit_ctrl.v":292)
WARN  (EX2629) : Delay control is not supported for synthesis("Y:\Workspace\SmartChipSystem\e203\fpga_gowin_flow_estimation\src\ov5640_i2c_master\i2c_master_bit_ctrl.v":293)
WARN  (EX2629) : Delay control is not supported for synthesis("Y:\Workspace\SmartChipSystem\e203\fpga_gowin_flow_estimation\src\ov5640_i2c_master\i2c_master_bit_ctrl.v":294)
WARN  (EX2629) : Delay control is not supported for synthesis("Y:\Workspace\SmartChipSystem\e203\fpga_gowin_flow_estimation\src\ov5640_i2c_master\i2c_master_bit_ctrl.v":298)
WARN  (EX2629) : Delay control is not supported for synthesis("Y:\Workspace\SmartChipSystem\e203\fpga_gowin_flow_estimation\src\ov5640_i2c_master\i2c_master_bit_ctrl.v":299)
WARN  (EX2629) : Delay control is not supported for synthesis("Y:\Workspace\SmartChipSystem\e203\fpga_gowin_flow_estimation\src\ov5640_i2c_master\i2c_master_bit_ctrl.v":300)
WARN  (EX2629) : Delay control is not supported for synthesis("Y:\Workspace\SmartChipSystem\e203\fpga_gowin_flow_estimation\src\ov5640_i2c_master\i2c_master_bit_ctrl.v":301)
WARN  (EX2629) : Delay control is not supported for synthesis("Y:\Workspace\SmartChipSystem\e203\fpga_gowin_flow_estimation\src\ov5640_i2c_master\i2c_master_bit_ctrl.v":302)
WARN  (EX2629) : Delay control is not supported for synthesis("Y:\Workspace\SmartChipSystem\e203\fpga_gowin_flow_estimation\src\ov5640_i2c_master\i2c_master_bit_ctrl.v":306)
WARN  (EX2629) : Delay control is not supported for synthesis("Y:\Workspace\SmartChipSystem\e203\fpga_gowin_flow_estimation\src\ov5640_i2c_master\i2c_master_bit_ctrl.v":314)
WARN  (EX2629) : Delay control is not supported for synthesis("Y:\Workspace\SmartChipSystem\e203\fpga_gowin_flow_estimation\src\ov5640_i2c_master\i2c_master_bit_ctrl.v":315)
WARN  (EX2629) : Delay control is not supported for synthesis("Y:\Workspace\SmartChipSystem\e203\fpga_gowin_flow_estimation\src\ov5640_i2c_master\i2c_master_bit_ctrl.v":316)
WARN  (EX2629) : Delay control is not supported for synthesis("Y:\Workspace\SmartChipSystem\e203\fpga_gowin_flow_estimation\src\ov5640_i2c_master\i2c_master_bit_ctrl.v":317)
WARN  (EX2629) : Delay control is not supported for synthesis("Y:\Workspace\SmartChipSystem\e203\fpga_gowin_flow_estimation\src\ov5640_i2c_master\i2c_master_bit_ctrl.v":318)
WARN  (EX2629) : Delay control is not supported for synthesis("Y:\Workspace\SmartChipSystem\e203\fpga_gowin_flow_estimation\src\ov5640_i2c_master\i2c_master_bit_ctrl.v":321)
WARN  (EX2629) : Delay control is not supported for synthesis("Y:\Workspace\SmartChipSystem\e203\fpga_gowin_flow_estimation\src\ov5640_i2c_master\i2c_master_bit_ctrl.v":322)
WARN  (EX2629) : Delay control is not supported for synthesis("Y:\Workspace\SmartChipSystem\e203\fpga_gowin_flow_estimation\src\ov5640_i2c_master\i2c_master_bit_ctrl.v":323)
WARN  (EX2629) : Delay control is not supported for synthesis("Y:\Workspace\SmartChipSystem\e203\fpga_gowin_flow_estimation\src\ov5640_i2c_master\i2c_master_bit_ctrl.v":329)
WARN  (EX2629) : Delay control is not supported for synthesis("Y:\Workspace\SmartChipSystem\e203\fpga_gowin_flow_estimation\src\ov5640_i2c_master\i2c_master_bit_ctrl.v":330)
WARN  (EX2629) : Delay control is not supported for synthesis("Y:\Workspace\SmartChipSystem\e203\fpga_gowin_flow_estimation\src\ov5640_i2c_master\i2c_master_bit_ctrl.v":331)
WARN  (EX2629) : Delay control is not supported for synthesis("Y:\Workspace\SmartChipSystem\e203\fpga_gowin_flow_estimation\src\ov5640_i2c_master\i2c_master_bit_ctrl.v":332)
WARN  (EX2629) : Delay control is not supported for synthesis("Y:\Workspace\SmartChipSystem\e203\fpga_gowin_flow_estimation\src\ov5640_i2c_master\i2c_master_bit_ctrl.v":337)
WARN  (EX2629) : Delay control is not supported for synthesis("Y:\Workspace\SmartChipSystem\e203\fpga_gowin_flow_estimation\src\ov5640_i2c_master\i2c_master_bit_ctrl.v":338)
WARN  (EX2629) : Delay control is not supported for synthesis("Y:\Workspace\SmartChipSystem\e203\fpga_gowin_flow_estimation\src\ov5640_i2c_master\i2c_master_bit_ctrl.v":339)
WARN  (EX2629) : Delay control is not supported for synthesis("Y:\Workspace\SmartChipSystem\e203\fpga_gowin_flow_estimation\src\ov5640_i2c_master\i2c_master_bit_ctrl.v":340)
WARN  (EX2629) : Delay control is not supported for synthesis("Y:\Workspace\SmartChipSystem\e203\fpga_gowin_flow_estimation\src\ov5640_i2c_master\i2c_master_bit_ctrl.v":345)
WARN  (EX2629) : Delay control is not supported for synthesis("Y:\Workspace\SmartChipSystem\e203\fpga_gowin_flow_estimation\src\ov5640_i2c_master\i2c_master_bit_ctrl.v":346)
WARN  (EX2629) : Delay control is not supported for synthesis("Y:\Workspace\SmartChipSystem\e203\fpga_gowin_flow_estimation\src\ov5640_i2c_master\i2c_master_bit_ctrl.v":347)
WARN  (EX2629) : Delay control is not supported for synthesis("Y:\Workspace\SmartChipSystem\e203\fpga_gowin_flow_estimation\src\ov5640_i2c_master\i2c_master_bit_ctrl.v":348)
WARN  (EX2629) : Delay control is not supported for synthesis("Y:\Workspace\SmartChipSystem\e203\fpga_gowin_flow_estimation\src\ov5640_i2c_master\i2c_master_bit_ctrl.v":353)
WARN  (EX2629) : Delay control is not supported for synthesis("Y:\Workspace\SmartChipSystem\e203\fpga_gowin_flow_estimation\src\ov5640_i2c_master\i2c_master_bit_ctrl.v":354)
WARN  (EX2629) : Delay control is not supported for synthesis("Y:\Workspace\SmartChipSystem\e203\fpga_gowin_flow_estimation\src\ov5640_i2c_master\i2c_master_bit_ctrl.v":355)
WARN  (EX2629) : Delay control is not supported for synthesis("Y:\Workspace\SmartChipSystem\e203\fpga_gowin_flow_estimation\src\ov5640_i2c_master\i2c_master_bit_ctrl.v":356)
WARN  (EX2629) : Delay control is not supported for synthesis("Y:\Workspace\SmartChipSystem\e203\fpga_gowin_flow_estimation\src\ov5640_i2c_master\i2c_master_bit_ctrl.v":361)
WARN  (EX2629) : Delay control is not supported for synthesis("Y:\Workspace\SmartChipSystem\e203\fpga_gowin_flow_estimation\src\ov5640_i2c_master\i2c_master_bit_ctrl.v":362)
WARN  (EX2629) : Delay control is not supported for synthesis("Y:\Workspace\SmartChipSystem\e203\fpga_gowin_flow_estimation\src\ov5640_i2c_master\i2c_master_bit_ctrl.v":363)
WARN  (EX2629) : Delay control is not supported for synthesis("Y:\Workspace\SmartChipSystem\e203\fpga_gowin_flow_estimation\src\ov5640_i2c_master\i2c_master_bit_ctrl.v":364)
WARN  (EX2629) : Delay control is not supported for synthesis("Y:\Workspace\SmartChipSystem\e203\fpga_gowin_flow_estimation\src\ov5640_i2c_master\i2c_master_bit_ctrl.v":365)
WARN  (EX2629) : Delay control is not supported for synthesis("Y:\Workspace\SmartChipSystem\e203\fpga_gowin_flow_estimation\src\ov5640_i2c_master\i2c_master_bit_ctrl.v":371)
WARN  (EX2629) : Delay control is not supported for synthesis("Y:\Workspace\SmartChipSystem\e203\fpga_gowin_flow_estimation\src\ov5640_i2c_master\i2c_master_bit_ctrl.v":372)
WARN  (EX2629) : Delay control is not supported for synthesis("Y:\Workspace\SmartChipSystem\e203\fpga_gowin_flow_estimation\src\ov5640_i2c_master\i2c_master_bit_ctrl.v":373)
WARN  (EX2629) : Delay control is not supported for synthesis("Y:\Workspace\SmartChipSystem\e203\fpga_gowin_flow_estimation\src\ov5640_i2c_master\i2c_master_bit_ctrl.v":374)
WARN  (EX2629) : Delay control is not supported for synthesis("Y:\Workspace\SmartChipSystem\e203\fpga_gowin_flow_estimation\src\ov5640_i2c_master\i2c_master_bit_ctrl.v":379)
WARN  (EX2629) : Delay control is not supported for synthesis("Y:\Workspace\SmartChipSystem\e203\fpga_gowin_flow_estimation\src\ov5640_i2c_master\i2c_master_bit_ctrl.v":380)
WARN  (EX2629) : Delay control is not supported for synthesis("Y:\Workspace\SmartChipSystem\e203\fpga_gowin_flow_estimation\src\ov5640_i2c_master\i2c_master_bit_ctrl.v":381)
WARN  (EX2629) : Delay control is not supported for synthesis("Y:\Workspace\SmartChipSystem\e203\fpga_gowin_flow_estimation\src\ov5640_i2c_master\i2c_master_bit_ctrl.v":382)
WARN  (EX2629) : Delay control is not supported for synthesis("Y:\Workspace\SmartChipSystem\e203\fpga_gowin_flow_estimation\src\ov5640_i2c_master\i2c_master_bit_ctrl.v":387)
WARN  (EX2629) : Delay control is not supported for synthesis("Y:\Workspace\SmartChipSystem\e203\fpga_gowin_flow_estimation\src\ov5640_i2c_master\i2c_master_bit_ctrl.v":388)
WARN  (EX2629) : Delay control is not supported for synthesis("Y:\Workspace\SmartChipSystem\e203\fpga_gowin_flow_estimation\src\ov5640_i2c_master\i2c_master_bit_ctrl.v":389)
WARN  (EX2629) : Delay control is not supported for synthesis("Y:\Workspace\SmartChipSystem\e203\fpga_gowin_flow_estimation\src\ov5640_i2c_master\i2c_master_bit_ctrl.v":390)
WARN  (EX2629) : Delay control is not supported for synthesis("Y:\Workspace\SmartChipSystem\e203\fpga_gowin_flow_estimation\src\ov5640_i2c_master\i2c_master_bit_ctrl.v":395)
WARN  (EX2629) : Delay control is not supported for synthesis("Y:\Workspace\SmartChipSystem\e203\fpga_gowin_flow_estimation\src\ov5640_i2c_master\i2c_master_bit_ctrl.v":396)
WARN  (EX2629) : Delay control is not supported for synthesis("Y:\Workspace\SmartChipSystem\e203\fpga_gowin_flow_estimation\src\ov5640_i2c_master\i2c_master_bit_ctrl.v":397)
WARN  (EX2629) : Delay control is not supported for synthesis("Y:\Workspace\SmartChipSystem\e203\fpga_gowin_flow_estimation\src\ov5640_i2c_master\i2c_master_bit_ctrl.v":398)
WARN  (EX2629) : Delay control is not supported for synthesis("Y:\Workspace\SmartChipSystem\e203\fpga_gowin_flow_estimation\src\ov5640_i2c_master\i2c_master_bit_ctrl.v":399)
WARN  (EX2629) : Delay control is not supported for synthesis("Y:\Workspace\SmartChipSystem\e203\fpga_gowin_flow_estimation\src\ov5640_i2c_master\i2c_master_bit_ctrl.v":405)
WARN  (EX2629) : Delay control is not supported for synthesis("Y:\Workspace\SmartChipSystem\e203\fpga_gowin_flow_estimation\src\ov5640_i2c_master\i2c_master_bit_ctrl.v":406)
WARN  (EX2629) : Delay control is not supported for synthesis("Y:\Workspace\SmartChipSystem\e203\fpga_gowin_flow_estimation\src\ov5640_i2c_master\i2c_master_bit_ctrl.v":407)
WARN  (EX2629) : Delay control is not supported for synthesis("Y:\Workspace\SmartChipSystem\e203\fpga_gowin_flow_estimation\src\ov5640_i2c_master\i2c_master_bit_ctrl.v":408)
WARN  (EX2629) : Delay control is not supported for synthesis("Y:\Workspace\SmartChipSystem\e203\fpga_gowin_flow_estimation\src\ov5640_i2c_master\i2c_master_bit_ctrl.v":413)
WARN  (EX2629) : Delay control is not supported for synthesis("Y:\Workspace\SmartChipSystem\e203\fpga_gowin_flow_estimation\src\ov5640_i2c_master\i2c_master_bit_ctrl.v":414)
WARN  (EX2629) : Delay control is not supported for synthesis("Y:\Workspace\SmartChipSystem\e203\fpga_gowin_flow_estimation\src\ov5640_i2c_master\i2c_master_bit_ctrl.v":415)
WARN  (EX2629) : Delay control is not supported for synthesis("Y:\Workspace\SmartChipSystem\e203\fpga_gowin_flow_estimation\src\ov5640_i2c_master\i2c_master_bit_ctrl.v":416)
WARN  (EX2629) : Delay control is not supported for synthesis("Y:\Workspace\SmartChipSystem\e203\fpga_gowin_flow_estimation\src\ov5640_i2c_master\i2c_master_bit_ctrl.v":421)
WARN  (EX2629) : Delay control is not supported for synthesis("Y:\Workspace\SmartChipSystem\e203\fpga_gowin_flow_estimation\src\ov5640_i2c_master\i2c_master_bit_ctrl.v":422)
WARN  (EX2629) : Delay control is not supported for synthesis("Y:\Workspace\SmartChipSystem\e203\fpga_gowin_flow_estimation\src\ov5640_i2c_master\i2c_master_bit_ctrl.v":423)
WARN  (EX2629) : Delay control is not supported for synthesis("Y:\Workspace\SmartChipSystem\e203\fpga_gowin_flow_estimation\src\ov5640_i2c_master\i2c_master_bit_ctrl.v":424)
WARN  (EX2629) : Delay control is not supported for synthesis("Y:\Workspace\SmartChipSystem\e203\fpga_gowin_flow_estimation\src\ov5640_i2c_master\i2c_master_bit_ctrl.v":429)
WARN  (EX2629) : Delay control is not supported for synthesis("Y:\Workspace\SmartChipSystem\e203\fpga_gowin_flow_estimation\src\ov5640_i2c_master\i2c_master_bit_ctrl.v":430)
WARN  (EX2629) : Delay control is not supported for synthesis("Y:\Workspace\SmartChipSystem\e203\fpga_gowin_flow_estimation\src\ov5640_i2c_master\i2c_master_bit_ctrl.v":431)
WARN  (EX2629) : Delay control is not supported for synthesis("Y:\Workspace\SmartChipSystem\e203\fpga_gowin_flow_estimation\src\ov5640_i2c_master\i2c_master_bit_ctrl.v":432)
WARN  (EX2629) : Delay control is not supported for synthesis("Y:\Workspace\SmartChipSystem\e203\fpga_gowin_flow_estimation\src\ov5640_i2c_master\i2c_master_bit_ctrl.v":433)
WARN  (EX2629) : Delay control is not supported for synthesis("Y:\Workspace\SmartChipSystem\e203\fpga_gowin_flow_estimation\src\ov5640_i2c_master\i2c_master_bit_ctrl.v":439)
WARN  (EX2629) : Delay control is not supported for synthesis("Y:\Workspace\SmartChipSystem\e203\fpga_gowin_flow_estimation\src\ov5640_i2c_master\i2c_master_bit_ctrl.v":440)
WARN  (EX2629) : Delay control is not supported for synthesis("Y:\Workspace\SmartChipSystem\e203\fpga_gowin_flow_estimation\src\ov5640_i2c_master\i2c_master_bit_ctrl.v":441)
WARN  (EX2629) : Delay control is not supported for synthesis("Y:\Workspace\SmartChipSystem\e203\fpga_gowin_flow_estimation\src\ov5640_i2c_master\i2c_master_bit_ctrl.v":442)
WARN  (EX2629) : Delay control is not supported for synthesis("Y:\Workspace\SmartChipSystem\e203\fpga_gowin_flow_estimation\src\ov5640_i2c_master\i2c_master_bit_ctrl.v":447)
WARN  (EX2629) : Delay control is not supported for synthesis("Y:\Workspace\SmartChipSystem\e203\fpga_gowin_flow_estimation\src\ov5640_i2c_master\i2c_master_bit_ctrl.v":448)
WARN  (EX2629) : Delay control is not supported for synthesis("Y:\Workspace\SmartChipSystem\e203\fpga_gowin_flow_estimation\src\ov5640_i2c_master\i2c_master_bit_ctrl.v":449)
WARN  (EX2629) : Delay control is not supported for synthesis("Y:\Workspace\SmartChipSystem\e203\fpga_gowin_flow_estimation\src\ov5640_i2c_master\i2c_master_bit_ctrl.v":450)
WARN  (EX2629) : Delay control is not supported for synthesis("Y:\Workspace\SmartChipSystem\e203\fpga_gowin_flow_estimation\src\ov5640_i2c_master\i2c_master_bit_ctrl.v":456)
WARN  (EX2629) : Delay control is not supported for synthesis("Y:\Workspace\SmartChipSystem\e203\fpga_gowin_flow_estimation\src\ov5640_i2c_master\i2c_master_bit_ctrl.v":457)
WARN  (EX2629) : Delay control is not supported for synthesis("Y:\Workspace\SmartChipSystem\e203\fpga_gowin_flow_estimation\src\ov5640_i2c_master\i2c_master_bit_ctrl.v":458)
WARN  (EX2629) : Delay control is not supported for synthesis("Y:\Workspace\SmartChipSystem\e203\fpga_gowin_flow_estimation\src\ov5640_i2c_master\i2c_master_bit_ctrl.v":459)
WARN  (EX2629) : Delay control is not supported for synthesis("Y:\Workspace\SmartChipSystem\e203\fpga_gowin_flow_estimation\src\ov5640_i2c_master\i2c_master_bit_ctrl.v":464)
WARN  (EX2629) : Delay control is not supported for synthesis("Y:\Workspace\SmartChipSystem\e203\fpga_gowin_flow_estimation\src\ov5640_i2c_master\i2c_master_bit_ctrl.v":465)
WARN  (EX2629) : Delay control is not supported for synthesis("Y:\Workspace\SmartChipSystem\e203\fpga_gowin_flow_estimation\src\ov5640_i2c_master\i2c_master_bit_ctrl.v":466)
WARN  (EX2629) : Delay control is not supported for synthesis("Y:\Workspace\SmartChipSystem\e203\fpga_gowin_flow_estimation\src\ov5640_i2c_master\i2c_master_bit_ctrl.v":467)
WARN  (EX2629) : Delay control is not supported for synthesis("Y:\Workspace\SmartChipSystem\e203\fpga_gowin_flow_estimation\src\ov5640_i2c_master\i2c_master_bit_ctrl.v":468)
WARN  (EX3827) : Synthesis - simulation differences may occur when using full_case directive("Y:\Workspace\SmartChipSystem\e203\fpga_gowin_flow_estimation\src\ov5640_i2c_master\i2c_master_bit_ctrl.v":309)
WARN  (EX2629) : Delay control is not supported for synthesis("Y:\Workspace\SmartChipSystem\e203\fpga_gowin_flow_estimation\src\ov5640_i2c_master\i2c_master_byte_ctrl.v":108)
WARN  (EX2629) : Delay control is not supported for synthesis("Y:\Workspace\SmartChipSystem\e203\fpga_gowin_flow_estimation\src\ov5640_i2c_master\i2c_master_byte_ctrl.v":110)
WARN  (EX2629) : Delay control is not supported for synthesis("Y:\Workspace\SmartChipSystem\e203\fpga_gowin_flow_estimation\src\ov5640_i2c_master\i2c_master_byte_ctrl.v":112)
WARN  (EX2629) : Delay control is not supported for synthesis("Y:\Workspace\SmartChipSystem\e203\fpga_gowin_flow_estimation\src\ov5640_i2c_master\i2c_master_byte_ctrl.v":114)
WARN  (EX2629) : Delay control is not supported for synthesis("Y:\Workspace\SmartChipSystem\e203\fpga_gowin_flow_estimation\src\ov5640_i2c_master\i2c_master_byte_ctrl.v":119)
WARN  (EX2629) : Delay control is not supported for synthesis("Y:\Workspace\SmartChipSystem\e203\fpga_gowin_flow_estimation\src\ov5640_i2c_master\i2c_master_byte_ctrl.v":121)
WARN  (EX2629) : Delay control is not supported for synthesis("Y:\Workspace\SmartChipSystem\e203\fpga_gowin_flow_estimation\src\ov5640_i2c_master\i2c_master_byte_ctrl.v":123)
WARN  (EX2629) : Delay control is not supported for synthesis("Y:\Workspace\SmartChipSystem\e203\fpga_gowin_flow_estimation\src\ov5640_i2c_master\i2c_master_byte_ctrl.v":125)
WARN  (EX2629) : Delay control is not supported for synthesis("Y:\Workspace\SmartChipSystem\e203\fpga_gowin_flow_estimation\src\ov5640_i2c_master\i2c_master_byte_ctrl.v":137)
WARN  (EX2629) : Delay control is not supported for synthesis("Y:\Workspace\SmartChipSystem\e203\fpga_gowin_flow_estimation\src\ov5640_i2c_master\i2c_master_byte_ctrl.v":138)
WARN  (EX2629) : Delay control is not supported for synthesis("Y:\Workspace\SmartChipSystem\e203\fpga_gowin_flow_estimation\src\ov5640_i2c_master\i2c_master_byte_ctrl.v":139)
WARN  (EX2629) : Delay control is not supported for synthesis("Y:\Workspace\SmartChipSystem\e203\fpga_gowin_flow_estimation\src\ov5640_i2c_master\i2c_master_byte_ctrl.v":140)
WARN  (EX2629) : Delay control is not supported for synthesis("Y:\Workspace\SmartChipSystem\e203\fpga_gowin_flow_estimation\src\ov5640_i2c_master\i2c_master_byte_ctrl.v":141)
WARN  (EX2629) : Delay control is not supported for synthesis("Y:\Workspace\SmartChipSystem\e203\fpga_gowin_flow_estimation\src\ov5640_i2c_master\i2c_master_byte_ctrl.v":142)
WARN  (EX2629) : Delay control is not supported for synthesis("Y:\Workspace\SmartChipSystem\e203\fpga_gowin_flow_estimation\src\ov5640_i2c_master\i2c_master_byte_ctrl.v":143)
WARN  (EX2629) : Delay control is not supported for synthesis("Y:\Workspace\SmartChipSystem\e203\fpga_gowin_flow_estimation\src\ov5640_i2c_master\i2c_master_byte_ctrl.v":147)
WARN  (EX2629) : Delay control is not supported for synthesis("Y:\Workspace\SmartChipSystem\e203\fpga_gowin_flow_estimation\src\ov5640_i2c_master\i2c_master_byte_ctrl.v":148)
WARN  (EX2629) : Delay control is not supported for synthesis("Y:\Workspace\SmartChipSystem\e203\fpga_gowin_flow_estimation\src\ov5640_i2c_master\i2c_master_byte_ctrl.v":149)
WARN  (EX2629) : Delay control is not supported for synthesis("Y:\Workspace\SmartChipSystem\e203\fpga_gowin_flow_estimation\src\ov5640_i2c_master\i2c_master_byte_ctrl.v":150)
WARN  (EX2629) : Delay control is not supported for synthesis("Y:\Workspace\SmartChipSystem\e203\fpga_gowin_flow_estimation\src\ov5640_i2c_master\i2c_master_byte_ctrl.v":151)
WARN  (EX2629) : Delay control is not supported for synthesis("Y:\Workspace\SmartChipSystem\e203\fpga_gowin_flow_estimation\src\ov5640_i2c_master\i2c_master_byte_ctrl.v":152)
WARN  (EX2629) : Delay control is not supported for synthesis("Y:\Workspace\SmartChipSystem\e203\fpga_gowin_flow_estimation\src\ov5640_i2c_master\i2c_master_byte_ctrl.v":153)
WARN  (EX2629) : Delay control is not supported for synthesis("Y:\Workspace\SmartChipSystem\e203\fpga_gowin_flow_estimation\src\ov5640_i2c_master\i2c_master_byte_ctrl.v":158)
WARN  (EX2629) : Delay control is not supported for synthesis("Y:\Workspace\SmartChipSystem\e203\fpga_gowin_flow_estimation\src\ov5640_i2c_master\i2c_master_byte_ctrl.v":159)
WARN  (EX2629) : Delay control is not supported for synthesis("Y:\Workspace\SmartChipSystem\e203\fpga_gowin_flow_estimation\src\ov5640_i2c_master\i2c_master_byte_ctrl.v":160)
WARN  (EX2629) : Delay control is not supported for synthesis("Y:\Workspace\SmartChipSystem\e203\fpga_gowin_flow_estimation\src\ov5640_i2c_master\i2c_master_byte_ctrl.v":161)
WARN  (EX2629) : Delay control is not supported for synthesis("Y:\Workspace\SmartChipSystem\e203\fpga_gowin_flow_estimation\src\ov5640_i2c_master\i2c_master_byte_ctrl.v":169)
WARN  (EX2629) : Delay control is not supported for synthesis("Y:\Workspace\SmartChipSystem\e203\fpga_gowin_flow_estimation\src\ov5640_i2c_master\i2c_master_byte_ctrl.v":170)
WARN  (EX2629) : Delay control is not supported for synthesis("Y:\Workspace\SmartChipSystem\e203\fpga_gowin_flow_estimation\src\ov5640_i2c_master\i2c_master_byte_ctrl.v":174)
WARN  (EX2629) : Delay control is not supported for synthesis("Y:\Workspace\SmartChipSystem\e203\fpga_gowin_flow_estimation\src\ov5640_i2c_master\i2c_master_byte_ctrl.v":175)
WARN  (EX2629) : Delay control is not supported for synthesis("Y:\Workspace\SmartChipSystem\e203\fpga_gowin_flow_estimation\src\ov5640_i2c_master\i2c_master_byte_ctrl.v":179)
WARN  (EX2629) : Delay control is not supported for synthesis("Y:\Workspace\SmartChipSystem\e203\fpga_gowin_flow_estimation\src\ov5640_i2c_master\i2c_master_byte_ctrl.v":180)
WARN  (EX2629) : Delay control is not supported for synthesis("Y:\Workspace\SmartChipSystem\e203\fpga_gowin_flow_estimation\src\ov5640_i2c_master\i2c_master_byte_ctrl.v":184)
WARN  (EX2629) : Delay control is not supported for synthesis("Y:\Workspace\SmartChipSystem\e203\fpga_gowin_flow_estimation\src\ov5640_i2c_master\i2c_master_byte_ctrl.v":185)
WARN  (EX2629) : Delay control is not supported for synthesis("Y:\Workspace\SmartChipSystem\e203\fpga_gowin_flow_estimation\src\ov5640_i2c_master\i2c_master_byte_ctrl.v":188)
WARN  (EX2629) : Delay control is not supported for synthesis("Y:\Workspace\SmartChipSystem\e203\fpga_gowin_flow_estimation\src\ov5640_i2c_master\i2c_master_byte_ctrl.v":196)
WARN  (EX2629) : Delay control is not supported for synthesis("Y:\Workspace\SmartChipSystem\e203\fpga_gowin_flow_estimation\src\ov5640_i2c_master\i2c_master_byte_ctrl.v":197)
WARN  (EX2629) : Delay control is not supported for synthesis("Y:\Workspace\SmartChipSystem\e203\fpga_gowin_flow_estimation\src\ov5640_i2c_master\i2c_master_byte_ctrl.v":201)
WARN  (EX2629) : Delay control is not supported for synthesis("Y:\Workspace\SmartChipSystem\e203\fpga_gowin_flow_estimation\src\ov5640_i2c_master\i2c_master_byte_ctrl.v":202)
WARN  (EX2629) : Delay control is not supported for synthesis("Y:\Workspace\SmartChipSystem\e203\fpga_gowin_flow_estimation\src\ov5640_i2c_master\i2c_master_byte_ctrl.v":205)
WARN  (EX2629) : Delay control is not supported for synthesis("Y:\Workspace\SmartChipSystem\e203\fpga_gowin_flow_estimation\src\ov5640_i2c_master\i2c_master_byte_ctrl.v":212)
WARN  (EX2629) : Delay control is not supported for synthesis("Y:\Workspace\SmartChipSystem\e203\fpga_gowin_flow_estimation\src\ov5640_i2c_master\i2c_master_byte_ctrl.v":213)
WARN  (EX2629) : Delay control is not supported for synthesis("Y:\Workspace\SmartChipSystem\e203\fpga_gowin_flow_estimation\src\ov5640_i2c_master\i2c_master_byte_ctrl.v":217)
WARN  (EX2629) : Delay control is not supported for synthesis("Y:\Workspace\SmartChipSystem\e203\fpga_gowin_flow_estimation\src\ov5640_i2c_master\i2c_master_byte_ctrl.v":218)
WARN  (EX2629) : Delay control is not supported for synthesis("Y:\Workspace\SmartChipSystem\e203\fpga_gowin_flow_estimation\src\ov5640_i2c_master\i2c_master_byte_ctrl.v":219)
WARN  (EX2629) : Delay control is not supported for synthesis("Y:\Workspace\SmartChipSystem\e203\fpga_gowin_flow_estimation\src\ov5640_i2c_master\i2c_master_byte_ctrl.v":227)
WARN  (EX2629) : Delay control is not supported for synthesis("Y:\Workspace\SmartChipSystem\e203\fpga_gowin_flow_estimation\src\ov5640_i2c_master\i2c_master_byte_ctrl.v":228)
WARN  (EX2629) : Delay control is not supported for synthesis("Y:\Workspace\SmartChipSystem\e203\fpga_gowin_flow_estimation\src\ov5640_i2c_master\i2c_master_byte_ctrl.v":232)
WARN  (EX2629) : Delay control is not supported for synthesis("Y:\Workspace\SmartChipSystem\e203\fpga_gowin_flow_estimation\src\ov5640_i2c_master\i2c_master_byte_ctrl.v":233)
WARN  (EX2629) : Delay control is not supported for synthesis("Y:\Workspace\SmartChipSystem\e203\fpga_gowin_flow_estimation\src\ov5640_i2c_master\i2c_master_byte_ctrl.v":236)
WARN  (EX2629) : Delay control is not supported for synthesis("Y:\Workspace\SmartChipSystem\e203\fpga_gowin_flow_estimation\src\ov5640_i2c_master\i2c_master_byte_ctrl.v":237)
WARN  (EX2629) : Delay control is not supported for synthesis("Y:\Workspace\SmartChipSystem\e203\fpga_gowin_flow_estimation\src\ov5640_i2c_master\i2c_master_byte_ctrl.v":245)
WARN  (EX2629) : Delay control is not supported for synthesis("Y:\Workspace\SmartChipSystem\e203\fpga_gowin_flow_estimation\src\ov5640_i2c_master\i2c_master_byte_ctrl.v":246)
WARN  (EX2629) : Delay control is not supported for synthesis("Y:\Workspace\SmartChipSystem\e203\fpga_gowin_flow_estimation\src\ov5640_i2c_master\i2c_master_byte_ctrl.v":250)
WARN  (EX2629) : Delay control is not supported for synthesis("Y:\Workspace\SmartChipSystem\e203\fpga_gowin_flow_estimation\src\ov5640_i2c_master\i2c_master_byte_ctrl.v":251)
WARN  (EX2629) : Delay control is not supported for synthesis("Y:\Workspace\SmartChipSystem\e203\fpga_gowin_flow_estimation\src\ov5640_i2c_master\i2c_master_byte_ctrl.v":254)
WARN  (EX2629) : Delay control is not supported for synthesis("Y:\Workspace\SmartChipSystem\e203\fpga_gowin_flow_estimation\src\ov5640_i2c_master\i2c_master_byte_ctrl.v":258)
WARN  (EX2629) : Delay control is not supported for synthesis("Y:\Workspace\SmartChipSystem\e203\fpga_gowin_flow_estimation\src\ov5640_i2c_master\i2c_master_byte_ctrl.v":260)
WARN  (EX2629) : Delay control is not supported for synthesis("Y:\Workspace\SmartChipSystem\e203\fpga_gowin_flow_estimation\src\ov5640_i2c_master\i2c_master_byte_ctrl.v":263)
WARN  (EX2629) : Delay control is not supported for synthesis("Y:\Workspace\SmartChipSystem\e203\fpga_gowin_flow_estimation\src\ov5640_i2c_master\i2c_master_byte_ctrl.v":268)
WARN  (EX2629) : Delay control is not supported for synthesis("Y:\Workspace\SmartChipSystem\e203\fpga_gowin_flow_estimation\src\ov5640_i2c_master\i2c_master_byte_ctrl.v":269)
WARN  (EX2629) : Delay control is not supported for synthesis("Y:\Workspace\SmartChipSystem\e203\fpga_gowin_flow_estimation\src\ov5640_i2c_master\i2c_master_byte_ctrl.v":272)
WARN  (EX3827) : Synthesis - simulation differences may occur when using full_case directive("Y:\Workspace\SmartChipSystem\e203\fpga_gowin_flow_estimation\src\ov5640_i2c_master\i2c_master_byte_ctrl.v":163)
WARN  (EX1998) : Net 'i2c_read_req' does not have a driver("Y:\Workspace\SmartChipSystem\e203\fpga_gowin_flow_estimation\src\ov5640_i2c_master\i2c_config.v":29)
Compiling module 'ov5640_reg_cfg(SENSOR_ADDR=8'b01111000,DISPAY_H=640,DISPAY_V=480)'("Y:\Workspace\SmartChipSystem\e203\fpga_gowin_flow_estimation\src\ov5640_i2c_master\ov5640_reg_cfg.v":1)
Compiling module 'ov5640_rx(RGB_TYPE=1)'("Y:\Workspace\SmartChipSystem\e203\fpga_gowin_flow_estimation\src\ov5640_rx.v":3)
Compiling module 'resize_fifo'("Y:\Workspace\SmartChipSystem\e203\fpga_gowin_flow_estimation\src\fifo_top\resize_fifo.v":701)
Compiling module '**'("Y:\Workspace\SmartChipSystem\e203\fpga_gowin_flow_estimation\src\fifo_top\resize_fifo.v":0)
Compiling module 'helai_video_scale(CHANNELS=3,SCALE_INT_BITS=8)'("Y:\Workspace\SmartChipSystem\e203\fpga_gowin_flow_estimation\src\helai_video_scale\helai_video_scale.v":1)
WARN  (EX3791) : Expression size 12 truncated to fit in target size 11("Y:\Workspace\SmartChipSystem\e203\fpga_gowin_flow_estimation\src\helai_video_scale\helai_video_scale.v":123)
WARN  (EX3791) : Expression size 12 truncated to fit in target size 11("Y:\Workspace\SmartChipSystem\e203\fpga_gowin_flow_estimation\src\helai_video_scale\helai_video_scale.v":130)
WARN  (EX3791) : Expression size 32 truncated to fit in target size 25("Y:\Workspace\SmartChipSystem\e203\fpga_gowin_flow_estimation\src\helai_video_scale\helai_video_scale.v":131)
WARN  (EX3791) : Expression size 32 truncated to fit in target size 25("Y:\Workspace\SmartChipSystem\e203\fpga_gowin_flow_estimation\src\helai_video_scale\helai_video_scale.v":153)
WARN  (EX3791) : Expression size 12 truncated to fit in target size 11("Y:\Workspace\SmartChipSystem\e203\fpga_gowin_flow_estimation\src\helai_video_scale\helai_video_scale.v":305)
WARN  (EX3791) : Expression size 12 truncated to fit in target size 11("Y:\Workspace\SmartChipSystem\e203\fpga_gowin_flow_estimation\src\helai_video_scale\helai_video_scale.v":307)
WARN  (EX3791) : Expression size 32 truncated to fit in target size 8("Y:\Workspace\SmartChipSystem\e203\fpga_gowin_flow_estimation\src\helai_video_scale\helai_video_scale.v":362)
WARN  (EX3791) : Expression size 12 truncated to fit in target size 11("Y:\Workspace\SmartChipSystem\e203\fpga_gowin_flow_estimation\src\helai_video_scale\helai_video_scale.v":382)
WARN  (EX3791) : Expression size 12 truncated to fit in target size 11("Y:\Workspace\SmartChipSystem\e203\fpga_gowin_flow_estimation\src\helai_video_scale\helai_video_scale.v":384)
Compiling module 'ramFifo(DATA_WIDTH=24,ADDRESS_WIDTH=11,BUFFER_SIZE=4)'("Y:\Workspace\SmartChipSystem\e203\fpga_gowin_flow_estimation\src\helai_video_scale\ramFifo.v":2)
Compiling module 'ramDualPort(DATA_WIDTH=24,ADDRESS_WIDTH=11)'("Y:\Workspace\SmartChipSystem\e203\fpga_gowin_flow_estimation\src\helai_video_scale\ramDualPort.v":2)
Extracting RAM for identifier 'ram'("Y:\Workspace\SmartChipSystem\e203\fpga_gowin_flow_estimation\src\helai_video_scale\ramDualPort.v":18)
WARN  (EX3670) : Actual bit length 32 differs from formal bit length 11 for port 'addrB'("Y:\Workspace\SmartChipSystem\e203\fpga_gowin_flow_estimation\src\helai_video_scale\ramFifo.v":72)
WARN  (EX3670) : Actual bit length 32 differs from formal bit length 24 for port 'dataB'("Y:\Workspace\SmartChipSystem\e203\fpga_gowin_flow_estimation\src\helai_video_scale\ramFifo.v":73)
WARN  (EX3670) : Actual bit length 32 differs from formal bit length 11 for port 'addrB'("Y:\Workspace\SmartChipSystem\e203\fpga_gowin_flow_estimation\src\helai_video_scale\ramFifo.v":72)
WARN  (EX3670) : Actual bit length 32 differs from formal bit length 24 for port 'dataB'("Y:\Workspace\SmartChipSystem\e203\fpga_gowin_flow_estimation\src\helai_video_scale\ramFifo.v":73)
WARN  (EX3670) : Actual bit length 32 differs from formal bit length 11 for port 'addrB'("Y:\Workspace\SmartChipSystem\e203\fpga_gowin_flow_estimation\src\helai_video_scale\ramFifo.v":72)
WARN  (EX3670) : Actual bit length 32 differs from formal bit length 24 for port 'dataB'("Y:\Workspace\SmartChipSystem\e203\fpga_gowin_flow_estimation\src\helai_video_scale\ramFifo.v":73)
WARN  (EX3670) : Actual bit length 32 differs from formal bit length 11 for port 'addrB'("Y:\Workspace\SmartChipSystem\e203\fpga_gowin_flow_estimation\src\helai_video_scale\ramFifo.v":72)
WARN  (EX3670) : Actual bit length 32 differs from formal bit length 24 for port 'dataB'("Y:\Workspace\SmartChipSystem\e203\fpga_gowin_flow_estimation\src\helai_video_scale\ramFifo.v":73)
WARN  (EX3791) : Expression size 32 truncated to fit in target size 3("Y:\Workspace\SmartChipSystem\e203\fpga_gowin_flow_estimation\src\helai_video_scale\ramFifo.v":96)
WARN  (EX3791) : Expression size 4 truncated to fit in target size 3("Y:\Workspace\SmartChipSystem\e203\fpga_gowin_flow_estimation\src\helai_video_scale\ramFifo.v":97)
WARN  (EX3791) : Expression size 32 truncated to fit in target size 3("Y:\Workspace\SmartChipSystem\e203\fpga_gowin_flow_estimation\src\helai_video_scale\ramFifo.v":100)
WARN  (EX3791) : Expression size 32 truncated to fit in target size 3("Y:\Workspace\SmartChipSystem\e203\fpga_gowin_flow_estimation\src\helai_video_scale\ramFifo.v":101)
WARN  (EX1998) : Net 'ramDataOutA[15][23]' does not have a driver("Y:\Workspace\SmartChipSystem\e203\fpga_gowin_flow_estimation\src\helai_video_scale\ramFifo.v":51)
WARN  (EX1998) : Net 'ramDataOutB[15][23]' does not have a driver("Y:\Workspace\SmartChipSystem\e203\fpga_gowin_flow_estimation\src\helai_video_scale\ramFifo.v":52)
WARN  (EX3670) : Actual bit length 32 differs from formal bit length 1 for port 'i_vout_read'("Y:\Workspace\SmartChipSystem\e203\fpga_gowin_flow_estimation\src\top.v":278)
WARN  (EX3670) : Actual bit length 32 differs from formal bit length 8 for port 'i_discard_cnt'("Y:\Workspace\SmartChipSystem\e203\fpga_gowin_flow_estimation\src\top.v":279)
WARN  (EX3670) : Actual bit length 32 differs from formal bit length 11 for port 'i_src_image_x'("Y:\Workspace\SmartChipSystem\e203\fpga_gowin_flow_estimation\src\top.v":280)
WARN  (EX3670) : Actual bit length 32 differs from formal bit length 11 for port 'i_src_image_y'("Y:\Workspace\SmartChipSystem\e203\fpga_gowin_flow_estimation\src\top.v":281)
WARN  (EX3670) : Actual bit length 32 differs from formal bit length 11 for port 'i_des_image_x'("Y:\Workspace\SmartChipSystem\e203\fpga_gowin_flow_estimation\src\top.v":282)
WARN  (EX3670) : Actual bit length 32 differs from formal bit length 11 for port 'i_des_image_y'("Y:\Workspace\SmartChipSystem\e203\fpga_gowin_flow_estimation\src\top.v":283)
WARN  (EX3670) : Actual bit length 32 differs from formal bit length 22 for port 'i_scaler_x_ratio'("Y:\Workspace\SmartChipSystem\e203\fpga_gowin_flow_estimation\src\top.v":284)
WARN  (EX3670) : Actual bit length 32 differs from formal bit length 22 for port 'i_scaler_y_ratio'("Y:\Workspace\SmartChipSystem\e203\fpga_gowin_flow_estimation\src\top.v":285)
WARN  (EX3670) : Actual bit length 32 differs from formal bit length 25 for port 'i_left_offset'("Y:\Workspace\SmartChipSystem\e203\fpga_gowin_flow_estimation\src\top.v":286)
WARN  (EX3670) : Actual bit length 32 differs from formal bit length 14 for port 'i_top_offset'("Y:\Workspace\SmartChipSystem\e203\fpga_gowin_flow_estimation\src\top.v":287)
WARN  (EX3670) : Actual bit length 32 differs from formal bit length 1 for port 'i_scaler_type'("Y:\Workspace\SmartChipSystem\e203\fpga_gowin_flow_estimation\src\top.v":288)
Compiling module 'RGB2Gray'("Y:\Workspace\SmartChipSystem\e203\fpga_gowin_flow_estimation\src\rgb_gray.v":5)
Compiling module 'image_processor'("Y:\Workspace\SmartChipSystem\e203\fpga_gowin_flow_estimation\src\top_sp.v":1)
Extracting RAM for identifier 'ram0'("Y:\Workspace\SmartChipSystem\e203\fpga_gowin_flow_estimation\src\top_sp.v":15)
Extracting RAM for identifier 'ram1'("Y:\Workspace\SmartChipSystem\e203\fpga_gowin_flow_estimation\src\top_sp.v":16)
WARN  (EX3791) : Expression size 13 truncated to fit in target size 12("Y:\Workspace\SmartChipSystem\e203\fpga_gowin_flow_estimation\src\top_sp.v":41)
WARN  (EX3791) : Expression size 13 truncated to fit in target size 12("Y:\Workspace\SmartChipSystem\e203\fpga_gowin_flow_estimation\src\top_sp.v":50)
Compiling module 'Video_Frame_Buffer_Top'("Y:\Workspace\SmartChipSystem\e203\fpga_gowin_flow_estimation\src\video_frame_buffer\video_frame_buffer.v":3785)
Compiling module '**'("Y:\Workspace\SmartChipSystem\e203\fpga_gowin_flow_estimation\src\video_frame_buffer\video_frame_buffer.v":0)
Compiling module '**'("Y:\Workspace\SmartChipSystem\e203\fpga_gowin_flow_estimation\src\video_frame_buffer\video_frame_buffer.v":0)
Compiling module '**'("Y:\Workspace\SmartChipSystem\e203\fpga_gowin_flow_estimation\src\video_frame_buffer\video_frame_buffer.v":0)
Compiling module '**'("Y:\Workspace\SmartChipSystem\e203\fpga_gowin_flow_estimation\src\video_frame_buffer\video_frame_buffer.v":0)
Compiling module '**'("Y:\Workspace\SmartChipSystem\e203\fpga_gowin_flow_estimation\src\video_frame_buffer\video_frame_buffer.v":0)
Compiling module '**'("Y:\Workspace\SmartChipSystem\e203\fpga_gowin_flow_estimation\src\video_frame_buffer\video_frame_buffer.v":0)
Compiling module '**'("Y:\Workspace\SmartChipSystem\e203\fpga_gowin_flow_estimation\src\video_frame_buffer\video_frame_buffer.v":0)
WARN  (EX3670) : Actual bit length 16 differs from formal bit length 32 for port 'I_vin0_data'("Y:\Workspace\SmartChipSystem\e203\fpga_gowin_flow_estimation\src\top.v":341)
WARN  (EX3670) : Actual bit length 16 differs from formal bit length 32 for port 'O_vout0_data'("Y:\Workspace\SmartChipSystem\e203\fpga_gowin_flow_estimation\src\top.v":348)
Compiling module '**'("Y:\Workspace\SmartChipSystem\e203\fpga_gowin_flow_estimation\src\ddr3_memory_interface\DDR3MI.v":0)
Compiling module '**'("Y:\Workspace\SmartChipSystem\e203\fpga_gowin_flow_estimation\src\ddr3_memory_interface\DDR3MI.v":0)
Compiling module '**'("Y:\Workspace\SmartChipSystem\e203\fpga_gowin_flow_estimation\src\ddr3_memory_interface\DDR3MI.v":0)
Compiling module '**'("Y:\Workspace\SmartChipSystem\e203\fpga_gowin_flow_estimation\src\ddr3_memory_interface\DDR3MI.v":0)
Compiling module '**'("Y:\Workspace\SmartChipSystem\e203\fpga_gowin_flow_estimation\src\ddr3_memory_interface\DDR3MI.v":0)
Compiling module '**'("Y:\Workspace\SmartChipSystem\e203\fpga_gowin_flow_estimation\src\ddr3_memory_interface\DDR3MI.v":0)
Compiling module '**'("Y:\Workspace\SmartChipSystem\e203\fpga_gowin_flow_estimation\src\ddr3_memory_interface\DDR3MI.v":0)
Compiling module '**'("Y:\Workspace\SmartChipSystem\e203\fpga_gowin_flow_estimation\src\ddr3_memory_interface\DDR3MI.v":0)
Compiling module '**'("Y:\Workspace\SmartChipSystem\e203\fpga_gowin_flow_estimation\src\ddr3_memory_interface\DDR3MI.v":0)
Compiling module '**'("Y:\Workspace\SmartChipSystem\e203\fpga_gowin_flow_estimation\src\ddr3_memory_interface\DDR3MI.v":0)
Compiling module '**'("Y:\Workspace\SmartChipSystem\e203\fpga_gowin_flow_estimation\src\ddr3_memory_interface\DDR3MI.v":0)
Compiling module '**'("Y:\Workspace\SmartChipSystem\e203\fpga_gowin_flow_estimation\src\ddr3_memory_interface\DDR3MI.v":0)
Compiling module '**'("Y:\Workspace\SmartChipSystem\e203\fpga_gowin_flow_estimation\src\ddr3_memory_interface\DDR3MI.v":0)
Compiling module '**'("Y:\Workspace\SmartChipSystem\e203\fpga_gowin_flow_estimation\src\ddr3_memory_interface\DDR3MI.v":0)
Compiling module '**'("Y:\Workspace\SmartChipSystem\e203\fpga_gowin_flow_estimation\src\ddr3_memory_interface\DDR3MI.v":0)
Compiling module '**'("Y:\Workspace\SmartChipSystem\e203\fpga_gowin_flow_estimation\src\ddr3_memory_interface\DDR3MI.v":0)
Compiling module '**'("Y:\Workspace\SmartChipSystem\e203\fpga_gowin_flow_estimation\src\ddr3_memory_interface\DDR3MI.v":0)
Compiling module '**'("Y:\Workspace\SmartChipSystem\e203\fpga_gowin_flow_estimation\src\ddr3_memory_interface\DDR3MI.v":0)
Compiling module '**'("Y:\Workspace\SmartChipSystem\e203\fpga_gowin_flow_estimation\src\ddr3_memory_interface\DDR3MI.v":0)
Compiling module '**'("Y:\Workspace\SmartChipSystem\e203\fpga_gowin_flow_estimation\src\ddr3_memory_interface\DDR3MI.v":0)
Compiling module '**'("Y:\Workspace\SmartChipSystem\e203\fpga_gowin_flow_estimation\src\ddr3_memory_interface\DDR3MI.v":0)
Compiling module '**'("Y:\Workspace\SmartChipSystem\e203\fpga_gowin_flow_estimation\src\ddr3_memory_interface\DDR3MI.v":0)
Compiling module '**'("Y:\Workspace\SmartChipSystem\e203\fpga_gowin_flow_estimation\src\ddr3_memory_interface\DDR3MI.v":0)
Compiling module '**'("Y:\Workspace\SmartChipSystem\e203\fpga_gowin_flow_estimation\src\ddr3_memory_interface\DDR3MI.v":0)
Compiling module 'video_timing_control'("Y:\Workspace\SmartChipSystem\e203\fpga_gowin_flow_estimation\src\video_timing_control.v":10)
WARN  (EX3791) : Expression size 14 truncated to fit in target size 13("Y:\Workspace\SmartChipSystem\e203\fpga_gowin_flow_estimation\src\video_timing_control.v":165)
WARN  (EX3791) : Expression size 14 truncated to fit in target size 13("Y:\Workspace\SmartChipSystem\e203\fpga_gowin_flow_estimation\src\video_timing_control.v":174)
WARN  (EX3791) : Expression size 2 truncated to fit in target size 1("Y:\Workspace\SmartChipSystem\e203\fpga_gowin_flow_estimation\src\video_timing_control.v":181)
WARN  (EX3791) : Expression size 2 truncated to fit in target size 1("Y:\Workspace\SmartChipSystem\e203\fpga_gowin_flow_estimation\src\video_timing_control.v":187)
WARN  (EX3670) : Actual bit length 32 differs from formal bit length 11 for port 'i_start_x'("Y:\Workspace\SmartChipSystem\e203\fpga_gowin_flow_estimation\src\top.v":416)
WARN  (EX3670) : Actual bit length 32 differs from formal bit length 11 for port 'i_start_y'("Y:\Workspace\SmartChipSystem\e203\fpga_gowin_flow_estimation\src\top.v":417)
WARN  (EX3670) : Actual bit length 32 differs from formal bit length 11 for port 'i_disp_h'("Y:\Workspace\SmartChipSystem\e203\fpga_gowin_flow_estimation\src\top.v":418)
WARN  (EX3670) : Actual bit length 32 differs from formal bit length 11 for port 'i_disp_v'("Y:\Workspace\SmartChipSystem\e203\fpga_gowin_flow_estimation\src\top.v":419)
WARN  (EX3670) : Actual bit length 8 differs from formal bit length 24 for port 'i_rgb'("Y:\Workspace\SmartChipSystem\e203\fpga_gowin_flow_estimation\src\top.v":420)
WARN  (EX3670) : Actual bit length 8 differs from formal bit length 24 for port 'o_rgb'("Y:\Workspace\SmartChipSystem\e203\fpga_gowin_flow_estimation\src\top.v":425)
Compiling module '**'("Y:\Workspace\SmartChipSystem\e203\fpga_gowin_flow_estimation\src\dvi_tx\DVI_TX_Top.v":0)
Compiling module '**'("Y:\Workspace\SmartChipSystem\e203\fpga_gowin_flow_estimation\src\dvi_tx\DVI_TX_Top.v":0)
Compiling module '**'("Y:\Workspace\SmartChipSystem\e203\fpga_gowin_flow_estimation\src\dvi_tx\DVI_TX_Top.v":0)
Compiling module '**'("Y:\Workspace\SmartChipSystem\e203\fpga_gowin_flow_estimation\src\dvi_tx\DVI_TX_Top.v":0)
Compiling module '**'("Y:\Workspace\SmartChipSystem\e203\fpga_gowin_flow_estimation\src\dvi_tx\DVI_TX_Top.v":0)
WARN  (EX2565) : Input 'cmos_clk_i' on this instance is undriven. Assigning to 0, simulation mismatch possible. Please assign the input or remove the declaration("Y:\Workspace\SmartChipSystem\e203\fpga_gowin_flow_estimation\src\top.v":239)
NOTE  (EX0101) : Current top module is "top"
WARN  (EX0211) : The output port "state_led[3]" of module "top" has no driver, assigning undriven bits to Z, simulation mismatch possible("Y:\Workspace\SmartChipSystem\e203\fpga_gowin_flow_estimation\src\top.v":23)
[5%] Running netlist conversion ...
WARN  (CV0016) : Input cam_data is unused("Y:\Workspace\SmartChipSystem\e203\fpga_gowin_flow_estimation\src\top.v":14)
Running device independent optimization ...
WARN  (DI0002) : Asynchronous register "mode" initial values do not match with the Gowin library, simulation mismatch possible("Y:\Workspace\SmartChipSystem\e203\fpga_gowin_flow_estimation\src\top_sp.v":52)
[10%] Optimizing Phase 0 completed
[15%] Optimizing Phase 1 completed
[25%] Optimizing Phase 2 completed
Running inference ...
[30%] Inferring Phase 0 completed
[40%] Inferring Phase 1 completed
[50%] Inferring Phase 2 completed
[55%] Inferring Phase 3 completed
Running technical mapping ...
[60%] Tech-Mapping Phase 0 completed
[65%] Tech-Mapping Phase 1 completed
[75%] Tech-Mapping Phase 2 completed
[80%] Tech-Mapping Phase 3 completed
[90%] Tech-Mapping Phase 4 completed
WARN  (NL0002) : The module "ramDualPort" instantiated to "ram_generate[0].ram_inst_i" is swept in optimizing("Y:\Workspace\SmartChipSystem\e203\fpga_gowin_flow_estimation\src\helai_video_scale\ramFifo.v":76)
WARN  (NL0002) : The module "ramDualPort" instantiated to "ram_generate[1].ram_inst_i" is swept in optimizing("Y:\Workspace\SmartChipSystem\e203\fpga_gowin_flow_estimation\src\helai_video_scale\ramFifo.v":76)
WARN  (NL0002) : The module "ramDualPort" instantiated to "ram_generate[2].ram_inst_i" is swept in optimizing("Y:\Workspace\SmartChipSystem\e203\fpga_gowin_flow_estimation\src\helai_video_scale\ramFifo.v":76)
WARN  (NL0002) : The module "ramDualPort" instantiated to "ram_generate[3].ram_inst_i" is swept in optimizing("Y:\Workspace\SmartChipSystem\e203\fpga_gowin_flow_estimation\src\helai_video_scale\ramFifo.v":76)
WARN  (NL0002) : The module "ov5640_reg_cfg" instantiated to "u_ov5640_reg_cfg" is swept in optimizing("Y:\Workspace\SmartChipSystem\e203\fpga_gowin_flow_estimation\src\ov5640_i2c_master\ov5640_i2c.v":62)
WARN  (NL0002) : The module "image_processor" instantiated to "u_pro" is swept in optimizing("Y:\Workspace\SmartChipSystem\e203\fpga_gowin_flow_estimation\src\top.v":327)
WARN  (NL0002) : The module "video_block_move" instantiated to "video_block" is swept in optimizing("Y:\Workspace\SmartChipSystem\e203\fpga_gowin_flow_estimation\src\top.v":208)
WARN  (NL0002) : The module "rgb_display" instantiated to "u_rgb_display" is swept in optimizing("Y:\Workspace\SmartChipSystem\e203\fpga_gowin_flow_estimation\src\helai_color_move\video_block_move.v":67)
WARN  (NL0002) : The module "video_timing_color" instantiated to "u_video_timing_color" is swept in optimizing("Y:\Workspace\SmartChipSystem\e203\fpga_gowin_flow_estimation\src\helai_color_move\video_block_move.v":47)
[95%] Generate netlist file "Y:\Workspace\SmartChipSystem\e203\fpga_gowin_flow_estimation\impl\gwsynthesis\top.vg" completed
WARN  (CK3000) : Can't calculate clocks' relationship between: "cam_pclk" and "u_DDR3MI/gw3_top/i4/fclkdiv/CLKOUT.default_gen_clk"
WARN  (CK3000) : Can't calculate clocks' relationship between: "u_Video_Frame_Buffer/vfb_ddr3_wrapper_inst/u0_dma_frame_buffer/u_dma_write_ctrl/fifo_write_inst/n35_6" and "u_DDR3MI/gw3_top/i4/fclkdiv/CLKOUT.default_gen_clk"
[100%] Generate report file "Y:\Workspace\SmartChipSystem\e203\fpga_gowin_flow_estimation\impl\gwsynthesis\top_syn.rpt.html" completed
GowinSynthesis finish
